<?xml version="1.0" encoding="UTF-8"?>
<robot generator="Robot 3.1.2 (Python 3.8.2 on win32)" generated="20200329 16:54:41.449" rpa="false">
<suite id="s1" name="UITests" source="F:\vinayaka\learning\python\PythonTests\RobotTests\UITests">
<suite id="s1-s1" name="GoogleSearch" source="F:\vinayaka\learning\python\PythonTests\RobotTests\UITests\GoogleSearch.robot">
<test id="s1-s1-t1" name="User Should get the search results on results page.">
<kw name="Open Browser" library="SeleniumLibrary">
<doc>Opens a new browser instance to the optional ``url``.</doc>
<arguments>
<arg>${URL}</arg>
<arg>chrome</arg>
</arguments>
<msg timestamp="20200329 16:54:41.698" level="INFO">Opening browser 'chrome' to base url 'https://www.google.de/'.</msg>
<status status="PASS" starttime="20200329 16:54:41.698" endtime="20200329 16:54:48.351"></status>
</kw>
<kw name="Input Text" library="SeleniumLibrary">
<doc>Types the given ``text`` into the text field identified by ``locator``.</doc>
<arguments>
<arg>name:q</arg>
<arg>welcome to testing</arg>
</arguments>
<msg timestamp="20200329 16:54:48.352" level="INFO">Typing text 'welcome to testing' into text field 'name:q'.</msg>
<status status="PASS" starttime="20200329 16:54:48.352" endtime="20200329 16:54:48.609"></status>
</kw>
<kw name="Click Element" library="SeleniumLibrary">
<doc>Click the element identified by ``locator``.</doc>
<arguments>
<arg>xpath://*[@value='Google Search']</arg>
</arguments>
<msg timestamp="20200329 16:54:48.609" level="INFO">Clicking element 'xpath://*[@value='Google Search']'.</msg>
<status status="PASS" starttime="20200329 16:54:48.609" endtime="20200329 16:54:50.220"></status>
</kw>
<kw name="Element Should Contain" library="SeleniumLibrary">
<doc>Verifies that element ``locator`` contains text ``expected``.</doc>
<arguments>
<arg>id:result-stats</arg>
<arg>About</arg>
</arguments>
<msg timestamp="20200329 16:54:50.259" level="INFO">Element 'id:result-stats' contains text 'About'.</msg>
<status status="PASS" starttime="20200329 16:54:50.220" endtime="20200329 16:54:50.259"></status>
</kw>
<kw name="Close Browser" library="SeleniumLibrary">
<doc>Closes the current browser.</doc>
<status status="PASS" starttime="20200329 16:54:50.259" endtime="20200329 16:54:53.157"></status>
</kw>
<doc>This is some basic idea</doc>
<tags>
<tag>Smoke</tag>
</tags>
<status status="PASS" starttime="20200329 16:54:41.697" endtime="20200329 16:54:53.158" critical="yes"></status>
</test>
<doc>THis is basic informration about our test suites</doc>
<status status="PASS" starttime="20200329 16:54:41.476" endtime="20200329 16:54:53.164"></status>
</suite>
<status status="PASS" starttime="20200329 16:54:41.451" endtime="20200329 16:54:53.173"></status>
</suite>
<statistics>
<total>
<stat pass="1" fail="0">Critical Tests</stat>
<stat pass="1" fail="0">All Tests</stat>
</total>
<tag>
<stat pass="1" fail="0">Smoke</stat>
</tag>
<suite>
<stat pass="1" fail="0" id="s1" name="UITests">UITests</stat>
<stat pass="1" fail="0" id="s1-s1" name="GoogleSearch">UITests.GoogleSearch</stat>
</suite>
</statistics>
<errors>
</errors>
</robot>
