<?xml version="1.0" encoding="UTF-8"?>
<robot generator="Robot 3.1.2 (Python 3.8.2 on win32)" generated="20200329 16:18:09.098" rpa="false">
<suite id="s1" name="UITests" source="F:\vinayaka\learning\python\PythonTests\RobotTests\UITests">
<suite id="s1-s1" name="GoogleSearch" source="F:\vinayaka\learning\python\PythonTests\RobotTests\UITests\GoogleSearch.robot">
<test id="s1-s1-t1" name="User must sign in to check out">
<kw name="Open Browser" library="SeleniumLibrary">
<doc>Opens a new browser instance to the optional ``url``.</doc>
<arguments>
<arg>https://www.google.de/</arg>
<arg>chrome</arg>
</arguments>
<msg timestamp="20200329 16:18:09.972" level="INFO">Opening browser 'chrome' to base url 'https://www.google.de/'.</msg>
<status status="PASS" starttime="20200329 16:18:09.972" endtime="20200329 16:18:17.554"></status>
</kw>
<kw name="Input Text" library="SeleniumLibrary">
<doc>Types the given ``text`` into the text field identified by ``locator``.</doc>
<arguments>
<arg>name:q</arg>
<arg>welcome to testing</arg>
</arguments>
<msg timestamp="20200329 16:18:17.555" level="INFO">Typing text 'welcome to testing' into text field 'name:q'.</msg>
<status status="PASS" starttime="20200329 16:18:17.555" endtime="20200329 16:18:17.779"></status>
</kw>
<kw name="Click Element" library="SeleniumLibrary">
<doc>Click the element identified by ``locator``.</doc>
<arguments>
<arg>xpath://*[@value='Google Search']</arg>
</arguments>
<msg timestamp="20200329 16:18:17.779" level="INFO">Clicking element 'xpath://*[@value='Google Search']'.</msg>
<kw name="Capture Page Screenshot" library="SeleniumLibrary">
<doc>Takes a screenshot of the current page and embeds it into a log file.</doc>
<msg timestamp="20200329 16:18:18.506" level="INFO" html="yes">&lt;/td&gt;&lt;/tr&gt;&lt;tr&gt;&lt;td colspan="3"&gt;&lt;a href="selenium-screenshot-1.png"&gt;&lt;img src="selenium-screenshot-1.png" width="800px"&gt;&lt;/a&gt;</msg>
<status status="PASS" starttime="20200329 16:18:17.981" endtime="20200329 16:18:18.506"></status>
</kw>
<msg timestamp="20200329 16:18:18.875" level="FAIL">ElementNotInteractableException: Message: element not interactable
  (Session info: chrome=80.0.3987.149)
</msg>
<status status="FAIL" starttime="20200329 16:18:17.779" endtime="20200329 16:18:18.875"></status>
</kw>
<doc>This is some basic idea</doc>
<tags>
<tag>Smoke</tag>
</tags>
<status status="FAIL" starttime="20200329 16:18:09.971" endtime="20200329 16:18:18.894" critical="yes">ElementNotInteractableException: Message: element not interactable
  (Session info: chrome=80.0.3987.149)
</status>
</test>
<doc>THis is basic informration about our test suites</doc>
<status status="FAIL" starttime="20200329 16:18:09.127" endtime="20200329 16:18:18.898"></status>
</suite>
<status status="FAIL" starttime="20200329 16:18:09.100" endtime="20200329 16:18:18.901"></status>
</suite>
<statistics>
<total>
<stat pass="0" fail="1">Critical Tests</stat>
<stat pass="0" fail="1">All Tests</stat>
</total>
<tag>
<stat pass="0" fail="1">Smoke</stat>
</tag>
<suite>
<stat pass="0" fail="1" id="s1" name="UITests">UITests</stat>
<stat pass="0" fail="1" id="s1-s1" name="GoogleSearch">UITests.GoogleSearch</stat>
</suite>
</statistics>
<errors>
</errors>
</robot>
